<?xml version="1.0" encoding="UTF-8"?>
<!-- Generated by org.testng.reporters.JUnitXMLReporter -->
<testsuite ignored="4" hostname="Ameet" failures="0" tests="1" name="Default test" time="9.083" errors="0" timestamp="2024-10-21T19:51:23 IST">
  <testcase classname="testcases.RestAssured_TestCases" name="verifyAddPost" time="8.97"/>
  <testcase classname="testcases.RestAssured_TestCases" name="verifyDeletePost" time="0.0">
    <ignored/>
  </testcase> <!-- verifyDeletePost -->
  <testcase classname="testcases.RestAssured_TestCases" name="verifyUpdatePost" time="0.0">
    <ignored/>
  </testcase> <!-- verifyUpdatePost -->
  <testcase classname="testcases.RestAssured_TestCases" name="verifyGetCommentsForPost" time="0.0">
    <ignored/>
  </testcase> <!-- verifyGetCommentsForPost -->
  <testcase classname="testcases.RestAssured_TestCases" name="verifyGetPostById" time="0.0">
    <ignored/>
  </testcase> <!-- verifyGetPostById -->
</testsuite> <!-- Default test -->
