<?xml version="1.0" encoding="UTF-8"?>
<!-- Generated by org.testng.reporters.JUnitXMLReporter -->
<testsuite ignored="0" hostname="Ameet" failures="5" tests="5" name="Test" time="19.78" errors="0" timestamp="2024-10-22T13:28:53 IST">
  <testcase classname="testcases.RestAssured_TestCases" name="verifyGetPostById" time="0.038">
    <failure type="java.lang.NullPointerException" message="Cannot invoke &amp;quot;io.restassured.response.Response.getStatusCode()&amp;quot; because &amp;quot;response&amp;quot; is null">
      <![CDATA[java.lang.NullPointerException: Cannot invoke "io.restassured.response.Response.getStatusCode()" because "response" is null
at testcases.RestAssured_TestCases.verifyGetPostById(RestAssured_TestCases.java:43)
at java.base/java.util.concurrent.ThreadPoolExecutor.runWorker(ThreadPoolExecutor.java:1136)
at java.base/java.util.concurrent.ThreadPoolExecutor$Worker.run(ThreadPoolExecutor.java:635)
at java.base/java.lang.Thread.run(Thread.java:833)
... Removed 12 stack frames]]>
    </failure>
  </testcase> <!-- verifyGetPostById -->
  <testcase classname="testcases.RestAssured_TestCases" name="verifyAddPost" time="0.006">
    <failure type="java.lang.NullPointerException" message="Cannot invoke &amp;quot;java.util.Map.get(Object)&amp;quot; because &amp;quot;postData&amp;quot; is null">
      <![CDATA[java.lang.NullPointerException: Cannot invoke "java.util.Map.get(Object)" because "postData" is null
at testcases.RestAssured_TestCases.verifyAddPost(RestAssured_TestCases.java:76)
at java.base/java.util.concurrent.ThreadPoolExecutor.runWorker(ThreadPoolExecutor.java:1136)
at java.base/java.util.concurrent.ThreadPoolExecutor$Worker.run(ThreadPoolExecutor.java:635)
at java.base/java.lang.Thread.run(Thread.java:833)
... Removed 12 stack frames]]>
    </failure>
  </testcase> <!-- verifyAddPost -->
  <testcase classname="testcases.RestAssured_TestCases" name="verifyUpdatePost" time="0.008">
    <failure type="java.lang.NullPointerException" message="Cannot invoke &amp;quot;io.restassured.response.Response.getStatusCode()&amp;quot; because &amp;quot;response&amp;quot; is null">
      <![CDATA[java.lang.NullPointerException: Cannot invoke "io.restassured.response.Response.getStatusCode()" because "response" is null
at testcases.RestAssured_TestCases.verifyUpdatePost(RestAssured_TestCases.java:119)
at java.base/java.util.concurrent.ThreadPoolExecutor.runWorker(ThreadPoolExecutor.java:1136)
at java.base/java.util.concurrent.ThreadPoolExecutor$Worker.run(ThreadPoolExecutor.java:635)
at java.base/java.lang.Thread.run(Thread.java:833)
... Removed 12 stack frames]]>
    </failure>
  </testcase> <!-- verifyUpdatePost -->
  <testcase classname="testcases.RestAssured_TestCases" name="verifyDeletePost" time="0.005">
    <failure type="java.lang.NullPointerException" message="Cannot invoke &amp;quot;io.restassured.response.Response.getStatusCode()&amp;quot; because &amp;quot;deleteResponse&amp;quot; is null">
      <![CDATA[java.lang.NullPointerException: Cannot invoke "io.restassured.response.Response.getStatusCode()" because "deleteResponse" is null
at testcases.RestAssured_TestCases.verifyDeletePost(RestAssured_TestCases.java:148)
at java.base/java.util.concurrent.ThreadPoolExecutor.runWorker(ThreadPoolExecutor.java:1136)
at java.base/java.util.concurrent.ThreadPoolExecutor$Worker.run(ThreadPoolExecutor.java:635)
at java.base/java.lang.Thread.run(Thread.java:833)
... Removed 12 stack frames]]>
    </failure>
  </testcase> <!-- verifyDeletePost -->
  <testcase classname="testcases.RestAssured_TestCases" name="verifyGetCommentsForPost" time="0.011">
    <failure type="java.lang.NullPointerException" message="Cannot invoke &amp;quot;io.restassured.response.Response.getStatusCode()&amp;quot; because &amp;quot;getCommentsResponse&amp;quot; is null">
      <![CDATA[java.lang.NullPointerException: Cannot invoke "io.restassured.response.Response.getStatusCode()" because "getCommentsResponse" is null
at testcases.RestAssured_TestCases.verifyGetCommentsForPost(RestAssured_TestCases.java:167)
at java.base/java.util.concurrent.ThreadPoolExecutor.runWorker(ThreadPoolExecutor.java:1136)
at java.base/java.util.concurrent.ThreadPoolExecutor$Worker.run(ThreadPoolExecutor.java:635)
at java.base/java.lang.Thread.run(Thread.java:833)
... Removed 12 stack frames]]>
    </failure>
  </testcase> <!-- verifyGetCommentsForPost -->
</testsuite> <!-- Test -->
